<?xml version="1.0" encoding="UTF-8"?>
<!-- Generated by org.testng.reporters.JUnitReportReporter -->
<testsuite name="com.slack.SlackSmitha" tests="1" time="27.066" ignored="0" failures="0" timestamp="02 Feb 2017 22:59:22 GMT" skipped="0" hostname="family" errors="0">
  <testcase name="slack" time="27.066" classname="com.slack.SlackSmitha"/>
</testsuite> <!-- com.slack.SlackSmitha -->
