<?xml version="1.0" encoding="UTF-8"?>
<!-- Generated by org.testng.reporters.JUnitReportReporter -->
<testsuite name="com.slack.SlackFrontEnd" tests="1" time="38.559" ignored="0" failures="0" timestamp="09 Feb 2017 03:43:55 GMT" skipped="0" hostname="family" errors="0">
  <testcase name="slack" time="38.559" classname="com.slack.SlackFrontEnd"/>
</testsuite> <!-- com.slack.SlackFrontEnd -->
